<?xml version="1.0" encoding="UTF-8"?>
<!-- Generated by org.testng.reporters.JUnitXMLReporter -->
<testsuite hostname="Azu" ignored="0" name="Surefire test" tests="10" failures="0" timestamp="2023-05-03T18:15:53 EDT" time="7.864" errors="0">
  <testcase name="testPostUser" time="1.843" classname="api.test.DDTTest"/>
  <testcase name="testPostUser" time="0.095" classname="api.test.DDTTest"/>
  <testcase name="testPostUser" time="3.672" classname="api.test.DDTTest"/>
  <testcase name="testDeleteUser" time="0.103" classname="api.test.DDTTest"/>
  <testcase name="testDeleteUser" time="0.063" classname="api.test.DDTTest"/>
  <testcase name="testDeleteUser" time="0.057" classname="api.test.DDTTest"/>
  <testcase name="testPostUser" time="0.254" classname="api.test.UserTest"/>
  <testcase name="testGetUserByName" time="0.093" classname="api.test.UserTest"/>
  <testcase name="testUpdateUser" time="0.153" classname="api.test.UserTest"/>
  <testcase name="testDeleteUser" time="0.074" classname="api.test.UserTest"/>
</testsuite> <!-- Surefire test -->
