<?xml version="1.0" encoding="UTF-8"?>
<!-- Generated by org.testng.reporters.JUnitXMLReporter -->
<testsuite ignored="1" hostname="Azu" failures="0" tests="3" name="Default test" time="2.854" errors="0" timestamp="2023-05-03T17:44:58 EDT">
  <testcase classname="api.test.DDTTest" name="testPostUser" time="1.535"/>
  <testcase classname="api.test.DDTTest" name="testPostUser" time="0.075"/>
  <testcase classname="api.test.DDTTest" name="testPostUser" time="0.063"/>
  <testcase classname="api.test.DDTTest" name="testDeleteUser" time="0.0">
    <ignored/>
  </testcase> <!-- testDeleteUser -->
</testsuite> <!-- Default test -->
