<?xml version="1.0" encoding="UTF-8"?>
<testng-results ignored="0" total="4" passed="4" failed="0" skipped="0">
  <reporter-output>
  </reporter-output>
  <suite started-at="2023-05-03T18:09:25 EDT" name="PetSuite" finished-at="2023-05-03T18:09:28 EDT" duration-ms="3300">
    <groups>
    </groups>
    <test started-at="2023-05-03T18:09:25 EDT" name="PetTest" finished-at="2023-05-03T18:09:28 EDT" duration-ms="3300">
      <class name="api.test.UserTest">
        <test-method is-config="true" signature="setupData()[pri:0, instance:api.test.UserTest@6f27a732]" started-at="2023-05-03T18:09:25 EDT" name="setupData" finished-at="2023-05-03T18:09:26 EDT" duration-ms="896" status="PASS">
          <reporter-output>
          </reporter-output>
        </test-method> <!-- setupData -->
        <test-method signature="testPostUser()[pri:1, instance:api.test.UserTest@6f27a732]" started-at="2023-05-03T18:09:26 EDT" name="testPostUser" finished-at="2023-05-03T18:09:28 EDT" duration-ms="1783" status="PASS">
          <reporter-output>
          </reporter-output>
        </test-method> <!-- testPostUser -->
        <test-method signature="testGetUserByName()[pri:2, instance:api.test.UserTest@6f27a732]" started-at="2023-05-03T18:09:28 EDT" name="testGetUserByName" finished-at="2023-05-03T18:09:28 EDT" duration-ms="107" status="PASS">
          <reporter-output>
          </reporter-output>
        </test-method> <!-- testGetUserByName -->
        <test-method signature="testUpdateUser()[pri:3, instance:api.test.UserTest@6f27a732]" started-at="2023-05-03T18:09:28 EDT" name="testUpdateUser" finished-at="2023-05-03T18:09:28 EDT" duration-ms="192" status="PASS">
          <reporter-output>
          </reporter-output>
        </test-method> <!-- testUpdateUser -->
        <test-method signature="testDeleteUser()[pri:4, instance:api.test.UserTest@6f27a732]" started-at="2023-05-03T18:09:28 EDT" name="testDeleteUser" finished-at="2023-05-03T18:09:28 EDT" duration-ms="79" status="PASS">
          <reporter-output>
          </reporter-output>
        </test-method> <!-- testDeleteUser -->
      </class> <!-- api.test.UserTest -->
    </test> <!-- PetTest -->
  </suite> <!-- PetSuite -->
</testng-results>
