<?xml version="1.0" encoding="UTF-8"?>
<!-- Generated by org.testng.reporters.JUnitXMLReporter -->
<testsuite ignored="0" hostname="Azu" failures="0" tests="4" name="PetTest" time="3.3" errors="0" timestamp="2023-05-03T18:09:28 EDT">
  <testcase classname="api.test.UserTest" name="testPostUser" time="1.783"/>
  <testcase classname="api.test.UserTest" name="testGetUserByName" time="0.107"/>
  <testcase classname="api.test.UserTest" name="testUpdateUser" time="0.192"/>
  <testcase classname="api.test.UserTest" name="testDeleteUser" time="0.079"/>
</testsuite> <!-- PetTest -->
